2023-04-02 23:45:15.506476 - Initialized conversion of CBT360
2023-04-02 23:45:15.968231 - Received CBT.V504.FILE360.PDS from FILE360.XMI 
2023-04-02 23:45:15.971160 - Found $$$#DATE.txt (text/plain) in CBT.V504.FILE360.PDS, moved to PDS/$$$#DATE
2023-04-02 23:45:15.972316 - Found $$NOTE1.txt (text/plain) in CBT.V504.FILE360.PDS, moved to PDS/$$NOTE1
2023-04-02 23:45:15.973582 - Found $$VOLSUP.txt (text/plain) in CBT.V504.FILE360.PDS, moved to PDS/$$VOLSUP
2023-04-02 23:45:15.975039 - Found $DOC.txt (text/plain) in CBT.V504.FILE360.PDS, moved to PDS/$DOC
2023-04-02 23:45:15.976301 - Found @FILE360.txt (text/plain) in CBT.V504.FILE360.PDS, moved to PDS/@FILE360
2023-04-02 23:45:15.977371 - Found ASMCMD.txt (text/plain) in CBT.V504.FILE360.PDS, moved to PDS/ASMCMD
2023-04-02 23:45:15.978555 - Found ASMSPY.txt (text/plain) in CBT.V504.FILE360.PDS, moved to PDS/ASMSPY
2023-04-02 23:45:15.979850 - Found ASMSWP.txt (text/plain) in CBT.V504.FILE360.PDS, moved to PDS/ASMSWP
2023-04-02 23:45:15.981041 - Found AUTH.txt (text/plain) in CBT.V504.FILE360.PDS, moved to PDS/AUTH
2023-04-02 23:45:15.982267 - Found BEGIN.txt (text/plain) in CBT.V504.FILE360.PDS, moved to PDS/BEGIN
2023-04-02 23:45:15.983444 - Found COMMAND.txt (text/plain) in CBT.V504.FILE360.PDS, moved to PDS/COMMAND
2023-04-02 23:45:15.984777 - Found DISIMAGE.txt (text/plain) in CBT.V504.FILE360.PDS, moved to PDS/DISIMAGE
2023-04-02 23:45:15.986061 - Found DISKMAP.txt (text/plain) in CBT.V504.FILE360.PDS, moved to PDS/DISKMAP
2023-04-02 23:45:15.987211 - Found DTYP2UNT.txt (text/plain) in CBT.V504.FILE360.PDS, moved to PDS/DTYP2UNT
2023-04-02 23:45:15.988438 - Found DYNAM.txt (text/plain) in CBT.V504.FILE360.PDS, moved to PDS/DYNAM
2023-04-02 23:45:15.989651 - Found DYNAUTIL.txt (text/plain) in CBT.V504.FILE360.PDS, moved to PDS/DYNAUTIL
2023-04-02 23:45:15.990880 - Found DYNAUTLH.txt (text/plain) in CBT.V504.FILE360.PDS, moved to PDS/DYNAUTLH
2023-04-02 23:45:15.992031 - Found FINISH.txt (text/plain) in CBT.V504.FILE360.PDS, moved to PDS/FINISH
2023-04-02 23:45:15.993176 - Found IDCMSGEN.txt (text/plain) in CBT.V504.FILE360.PDS, moved to PDS/IDCMSGEN
2023-04-02 23:45:15.994744 - Found IEFACTRT.txt (text/plain) in CBT.V504.FILE360.PDS, moved to PDS/IEFACTRT
2023-04-02 23:45:15.995822 - Found IEFU84.txt (text/plain) in CBT.V504.FILE360.PDS, moved to PDS/IEFU84
2023-04-02 23:45:15.996949 - Found IGC0023D.txt (text/plain) in CBT.V504.FILE360.PDS, moved to PDS/IGC0023D
2023-04-02 23:45:15.998178 - Found ISPTCM.txt (text/plain) in CBT.V504.FILE360.PDS, moved to PDS/ISPTCM
2023-04-02 23:45:15.999382 - Found LASTIPL.txt (text/plain) in CBT.V504.FILE360.PDS, moved to PDS/LASTIPL
2023-04-02 23:45:16.000719 - Found PRINTOFF.txt (text/plain) in CBT.V504.FILE360.PDS, moved to PDS/PRINTOFF
2023-04-02 23:45:16.001824 - Found PRINT0FF.txt (text/plain) in CBT.V504.FILE360.PDS, moved to PDS/PRINT0FF
2023-04-02 23:45:16.003024 - Found SPY.txt (text/plain) in CBT.V504.FILE360.PDS, moved to PDS/SPY
2023-04-02 23:45:16.004154 - Found SWAP.txt (text/plain) in CBT.V504.FILE360.PDS, moved to PDS/SWAP
2023-04-02 23:45:16.005338 - Found UADS.txt (text/plain) in CBT.V504.FILE360.PDS, moved to PDS/UADS
2023-04-02 23:45:16.006477 - Found UADSHELP.txt (text/plain) in CBT.V504.FILE360.PDS, moved to PDS/UADSHELP
2023-04-02 23:45:16.007692 - Found VOLS.jcl (text/plain) in CBT.V504.FILE360.PDS, moved to PDS/VOLS
2023-04-02 23:45:16.008724 - Found VOLSHELO.txt (text/plain) in CBT.V504.FILE360.PDS, moved to PDS/VOLSHELO
2023-04-02 23:45:16.009641 - Found VOLSHELP.txt (text/plain) in CBT.V504.FILE360.PDS, moved to PDS/VOLSHELP
2023-04-02 23:45:16.010594 - Found VOLSOLD.jcl (text/plain) in CBT.V504.FILE360.PDS, moved to PDS/VOLSOLD
2023-04-02 23:45:16.011747 - Found VOLSOLDQ.jcl (text/plain) in CBT.V504.FILE360.PDS, moved to PDS/VOLSOLDQ
2023-04-02 23:45:16.012876 - Found VOLSOLDR.txt (text/plain) in CBT.V504.FILE360.PDS, moved to PDS/VOLSOLDR
2023-04-02 23:45:16.013973 - Found VOLSOLDS.txt (text/plain) in CBT.V504.FILE360.PDS, moved to PDS/VOLSOLDS
2023-04-02 23:45:16.015065 - Found VOLSOV9.jcl (text/plain) in CBT.V504.FILE360.PDS, moved to PDS/VOLSOV9
2023-04-02 23:45:16.016106 - Found WSRCCCVT.txt (text/plain) in CBT.V504.FILE360.PDS, moved to PDS/WSRCCCVT
2023-04-02 23:45:16.017014 - Found ZSORTZ.txt (text/plain) in CBT.V504.FILE360.PDS, moved to PDS/ZSORTZ
